<?xml version="1.0" encoding="UTF-8"?>
<testng-results skipped="0" failed="0" ignored="0" total="1" passed="1">
  <reporter-output>
  </reporter-output>
  <suite name="Default suite" duration-ms="13386" started-at="2018-08-01T04:35:09Z" finished-at="2018-08-01T04:35:22Z">
    <groups>
    </groups>
    <test name="Default test" duration-ms="13386" started-at="2018-08-01T04:35:09Z" finished-at="2018-08-01T04:35:22Z">
      <class name="testCases.LoginApplication">
        <test-method status="PASS" signature="Login()[pri:0, instance:testCases.LoginApplication@74650e52]" name="Login" duration-ms="13353" started-at="2018-08-01T04:35:09Z" finished-at="2018-08-01T04:35:22Z">
          <reporter-output>
          </reporter-output>
        </test-method> <!-- Login -->
      </class> <!-- testCases.LoginApplication -->
    </test> <!-- Default test -->
  </suite> <!-- Default suite -->
</testng-results>
