<?xml version="1.0" encoding="UTF-8"?>
<!-- Generated by org.testng.reporters.JUnitXMLReporter -->
<testsuite hostname="DESKTOP-K6HNVQA" name="validteTitle" tests="1" failures="1" timestamp="25 Aug 2018 11:34:24 GMT" time="9.347" errors="0">
  <testcase name="navigationBase" time="0.228" classname="Practise.ValidateTitle">
    <failure type="java.lang.AssertionError" message="expected [Featured Courses 123] but found [FEATURED COURSES]">
      <![CDATA[java.lang.AssertionError: expected [Featured Courses 123] but found [FEATURED COURSES]
	at Practise.ValidateTitle.navigationBase(ValidateTitle.java:26)
... Removed 29 stack frames]]>
    </failure>
  </testcase> <!-- navigationBase -->
</testsuite> <!-- validteTitle -->
