<?xml version="1.0" encoding="UTF-8"?>
<!-- Generated by org.testng.reporters.JUnitXMLReporter -->
<testsuite ignored="0" hostname="DESKTOP-K6HNVQA" failures="0" tests="7" name="Personal Loan" time="0.159" errors="0" timestamp="02 Jul 2018 04:40:00 GMT">
  <testcase classname="Test.Day3" name="mobileLoginPersonalLoan" time="0.0"/>
  <testcase classname="Test.Day3" name="mobileLogoutPersonalLoan" time="0.016"/>
  <testcase classname="Test.Day3" name="webLoginPersonalLoan" time="0.005"/>
  <testcase classname="Test.Day3" name="loginPage" time="0.0"/>
  <testcase classname="Test.Day3" name="loginPage" time="0.016"/>
  <testcase classname="Test.Day3" name="loginPage" time="0.004"/>
  <testcase classname="Test.Day3" name="apiLoginPersonalLoan" time="0.006"/>
</testsuite> <!-- Personal Loan -->
