<?xml version="1.0" encoding="UTF-8"?>
<!-- Generated by org.testng.reporters.JUnitXMLReporter -->
<testsuite ignored="4" hostname="DESKTOP-K6HNVQA" failures="0" tests="6" name="Regression" time="0.078" errors="0" timestamp="24 Jun 2018 15:59:22 GMT">
  <testcase classname="Test.Day1" name="Check" time="0.016"/>
  <testcase classname="Test.Day1" name="Demo" time="0.0"/>
  <testcase classname="Test.Day2" name="checkpoint" time="0.015"/>
  <testcase classname="Test.Day3" name="mobileLogoutPersonalLoan" time="0.016"/>
  <testcase classname="Test.Day3" name="apiLoginPersonalLoan" time="0.0"/>
  <testcase classname="Test.Day4" name="webLoginCarLoan" time="0.0"/>
  <testcase classname="Test.Day4" name="apiLoginCarLoan" time="0.0">
    <ignored/>
  </testcase> <!-- apiLoginCarLoan -->
  <testcase classname="Test.Day3" name="webLoginPersonalLoan" time="0.0">
    <ignored/>
  </testcase> <!-- webLoginPersonalLoan -->
  <testcase classname="Test.Day3" name="mobileLoginPersonalLoan" time="0.0">
    <ignored/>
  </testcase> <!-- mobileLoginPersonalLoan -->
  <testcase classname="Test.Day4" name="mobileLoginCarLoan" time="0.0">
    <ignored/>
  </testcase> <!-- mobileLoginCarLoan -->
</testsuite> <!-- Regression -->
