<?xml version="1.0" encoding="UTF-8"?>
<testng-results ignored="0" total="2" passed="2" failed="0" skipped="0">
  <reporter-output>
  </reporter-output>
  <suite started-at="2018-07-18T05:00:18Z" name="Default suite" finished-at="2018-07-18T05:00:33Z" duration-ms="15882">
    <groups>
    </groups>
    <test started-at="2018-07-18T05:00:18Z" name="Default test" finished-at="2018-07-18T05:00:33Z" duration-ms="15882">
      <class name="Test.Day2">
        <test-method signature="Login()[pri:0, instance:Test.Day2@78123e82]" started-at="2018-07-18T05:00:18Z" name="Login" finished-at="2018-07-18T05:00:33Z" duration-ms="15852" status="PASS">
          <reporter-output>
          </reporter-output>
        </test-method> <!-- Login -->
        <test-method signature="checkpoint()[pri:0, instance:Test.Day2@78123e82]" started-at="2018-07-18T05:00:33Z" name="checkpoint" finished-at="2018-07-18T05:00:33Z" duration-ms="2" status="PASS">
          <reporter-output>
          </reporter-output>
        </test-method> <!-- checkpoint -->
      </class> <!-- Test.Day2 -->
    </test> <!-- Default test -->
  </suite> <!-- Default suite -->
</testng-results>
